0 info it worked if it ends with ok
1 verbose cli [ '/usr/local/bin/node', '/usr/local/bin/npm', 'run', 'debug' ]
2 info using npm@3.10.8
3 info using node@v7.0.0
4 verbose run-script [ 'predebug', 'debug', 'postdebug' ]
5 info lifecycle vuespa@2.0.0~predebug: vuespa@2.0.0
6 silly lifecycle vuespa@2.0.0~predebug: no script for predebug, continuing
7 info lifecycle vuespa@2.0.0~debug: vuespa@2.0.0
8 verbose lifecycle vuespa@2.0.0~debug: unsafe-perm in lifecycle true
9 verbose lifecycle vuespa@2.0.0~debug: PATH: /usr/local/lib/node_modules/npm/bin/node-gyp-bin:/Users/zhangge/Desktop/vuexSpa/node_modules/.bin:/usr/local/bin:/usr/bin:/bin:/usr/sbin:/sbin
10 verbose lifecycle vuespa@2.0.0~debug: CWD: /Users/zhangge/Desktop/vuexSpa
11 silly lifecycle vuespa@2.0.0~debug: Args: [ '-c', 'webpack-dev-server' ]
12 silly lifecycle vuespa@2.0.0~debug: Returned: code: 1  signal: null
13 info lifecycle vuespa@2.0.0~debug: Failed to exec debug script
14 verbose stack Error: vuespa@2.0.0 debug: `webpack-dev-server`
14 verbose stack Exit status 1
14 verbose stack     at EventEmitter.<anonymous> (/usr/local/lib/node_modules/npm/lib/utils/lifecycle.js:255:16)
14 verbose stack     at emitTwo (events.js:106:13)
14 verbose stack     at EventEmitter.emit (events.js:191:7)
14 verbose stack     at ChildProcess.<anonymous> (/usr/local/lib/node_modules/npm/lib/utils/spawn.js:40:14)
14 verbose stack     at emitTwo (events.js:106:13)
14 verbose stack     at ChildProcess.emit (events.js:191:7)
14 verbose stack     at maybeClose (internal/child_process.js:877:16)
14 verbose stack     at Process.ChildProcess._handle.onexit (internal/child_process.js:226:5)
15 verbose pkgid vuespa@2.0.0
16 verbose cwd /Users/zhangge/Desktop/vuexSpa
17 error Darwin 16.1.0
18 error argv "/usr/local/bin/node" "/usr/local/bin/npm" "run" "debug"
19 error node v7.0.0
20 error npm  v3.10.8
21 error code ELIFECYCLE
22 error vuespa@2.0.0 debug: `webpack-dev-server`
22 error Exit status 1
23 error Failed at the vuespa@2.0.0 debug script 'webpack-dev-server'.
23 error Make sure you have the latest version of node.js and npm installed.
23 error If you do, this is most likely a problem with the vuespa package,
23 error not with npm itself.
23 error Tell the author that this fails on your system:
23 error     webpack-dev-server
23 error You can get information on how to open an issue for this project with:
23 error     npm bugs vuespa
23 error Or if that isn't available, you can get their info via:
23 error     npm owner ls vuespa
23 error There is likely additional logging output above.
24 verbose exit [ 1, true ]
